<?xml version="1.0" encoding="UTF-8"?>
<testsuite name="com.pduda.field.ShoppingCartTest" tests="4" skipped="0" failures="0" errors="0" timestamp="2022-06-23T03:04:38" hostname="DESKTOP-NSTVQQ9" time="0.024">
  <properties/>
  <testcase name="singleItem_totalPrice()" classname="com.pduda.field.ShoppingCartTest" time="0.019"/>
  <testcase name="singleItem_numberOfProductsInTheCart()" classname="com.pduda.field.ShoppingCartTest" time="0.0"/>
  <testcase name="singleItem_hasDiscountIfContainsAtLeastOneProductWorthAtLeast100()" classname="com.pduda.field.ShoppingCartTest" time="0.001"/>
  <testcase name="singleItem_doesNotHaveDiscountIfContainsNoProductsWorthAtLeast100()" classname="com.pduda.field.ShoppingCartTest" time="0.001"/>
  <system-out><![CDATA[]]></system-out>
  <system-err><![CDATA[]]></system-err>
</testsuite>
