<?xml version="1.0" encoding="UTF-8"?>
<testsuite name="method.AuthenticationServiceTest" tests="2" skipped="0" failures="0" errors="0" timestamp="2022-06-27T02:46:00" hostname="DESKTOP-NSTVQQ9" time="0.002">
  <properties/>
  <testcase name="administratorIsAlwaysAuthenticated()" classname="method.AuthenticationServiceTest" time="0.002"/>
  <testcase name="normalUserIsNotAuthenticatedInitially()" classname="method.AuthenticationServiceTest" time="0.0"/>
  <system-out><![CDATA[]]></system-out>
  <system-err><![CDATA[]]></system-err>
</testsuite>
