<?xml version="1.0" encoding="UTF-8"?>
<testsuite name="com.pduda.field.ImagineThisIsAClientInADifferentRepositoryTest" tests="1" skipped="0" failures="0" errors="0" timestamp="2022-06-27T02:46:00" hostname="DESKTOP-NSTVQQ9" time="0.02">
  <properties/>
  <testcase name="multiple_items_number_of_products_in_the_cart()" classname="com.pduda.field.ImagineThisIsAClientInADifferentRepositoryTest" time="0.02"/>
  <system-out><![CDATA[]]></system-out>
  <system-err><![CDATA[]]></system-err>
</testsuite>
